<?xml version="1.0" encoding="UTF-8"?>
<testng-results ignored="0" total="1" passed="1" failed="0" skipped="0">
  <reporter-output>
  </reporter-output>
  <suite started-at="2022-12-22T10:03:32 IST" name="Default suite" finished-at="2022-12-22T10:03:32 IST" duration-ms="85">
    <groups>
    </groups>
    <test started-at="2022-12-22T10:03:32 IST" name="Default test" finished-at="2022-12-22T10:03:32 IST" duration-ms="85">
      <class name="NEW_TESTNG.Assert_Example">
        <test-method signature="assett_1()[pri:0, instance:NEW_TESTNG.Assert_Example@51e5fc98]" started-at="2022-12-22T10:03:32 IST" name="assett_1" finished-at="2022-12-22T10:03:32 IST" duration-ms="21" status="PASS">
          <reporter-output>
          </reporter-output>
        </test-method> <!-- assett_1 -->
      </class> <!-- NEW_TESTNG.Assert_Example -->
    </test> <!-- Default test -->
  </suite> <!-- Default suite -->
</testng-results>
