<?xml version="1.0" encoding="UTF-8"?>
<!-- Generated by org.testng.reporters.JUnitXMLReporter -->
<testsuite ignored="4" hostname="PRANIKET" failures="0" tests="2" name="Test" time="0.129" errors="0" timestamp="2022-12-21T11:31:11 IST">
  <testcase classname="NEW_TESTNG.Test_1" name="CustReg" time="0.022"/>
  <testcase classname="NEW_TESTNG.Test_1" name="userReg" time="0.006"/>
  <testcase classname="NEW_TESTNG.Test_1" name="CustLogin" time="0.0">
    <ignored/>
  </testcase> <!-- CustLogin -->
  <testcase classname="NEW_TESTNG.Test_1" name="CustDeleted" time="0.0">
    <ignored/>
  </testcase> <!-- CustDeleted -->
  <testcase classname="NEW_TESTNG.Test_1" name="userLogin" time="0.0">
    <ignored/>
  </testcase> <!-- userLogin -->
  <testcase classname="NEW_TESTNG.Test_1" name="userdeleted" time="0.0">
    <ignored/>
  </testcase> <!-- userdeleted -->
</testsuite> <!-- Test -->
